<?xml version="1.0" encoding="UTF-8"?>
<testng-results ignored="0" total="1" passed="1" failed="0" skipped="0">
  <reporter-output>
  </reporter-output>
  <suite started-at="2022-07-21T12:36:37Z" name="Default suite" finished-at="2022-07-21T12:36:40Z" duration-ms="3330">
    <groups>
    </groups>
    <test started-at="2022-07-21T12:36:37Z" name="Default test" finished-at="2022-07-21T12:36:40Z" duration-ms="3330">
      <class name="com.crm.rmgyantra.Validation.HamcrestMatchersTest">
        <test-method signature="hamcret()[pri:0, instance:com.crm.rmgyantra.Validation.HamcrestMatchersTest@5717c37]" started-at="2022-07-21T12:36:37Z" name="hamcret" finished-at="2022-07-21T12:36:40Z" duration-ms="3284" status="PASS">
          <reporter-output>
          </reporter-output>
        </test-method> <!-- hamcret -->
      </class> <!-- com.crm.rmgyantra.Validation.HamcrestMatchersTest -->
    </test> <!-- Default test -->
  </suite> <!-- Default suite -->
</testng-results>
